# Logfile created on Mon Aug 23 11:05:10 +0900 2010 by logger.rb/22285
I, [2010-08-23 11:05:10#16217]  INFO -- : @posts: aaaaa
I, [2010-08-23 11:06:24#16268]  INFO -- : @posts: aaaaa
D, [2010-08-23 11:06:59#16276] DEBUG -- : id: 21
D, [2010-08-23 11:06:59#16276] DEBUG -- : @post: [#<Post @id=1 @slug="slug-1" @title="Test Post ... 1" @description=<not loaded> @type=Post @created_at=#<DateTime: 1473257347/600,3/8,2299161> @updated_at=#<DateTime: 106074529463/43200,3/8,2299161> @frozen_tag_list=<not loaded>>, #<Post @id=2 @slug="slug-2" @title="Test Post ... 2" @description=<not loaded> @type=Post @created_at=#<DateTime: 1473257347/600,3/8,2299161> @updated_at=#<DateTime: 1473257347/600,3/8,2299161> @frozen_tag_list=<not loaded>>, #<Post @id=3 @slug="slug-3" @title="Test Post ... 3" @description=<not loaded> @type=Post @created_at=#<DateTime: 1473257347/600,3/8,2299161> @updated_at=#<DateTime: 1473257347/600,3/8,2299161> @frozen_tag_list=<not loaded>>, #<Post @id=4 @slug="slug-4" @title="Test Post ... 4" @description=<not loaded> @type=Post @created_at=#<DateTime: 1473257347/600,3/8,2299161> @updated_at=#<DateTime: 1473257347/600,3/8,2299161> @frozen_tag_list=<not loaded>>, #<Post @id=5 @slug="slug-5" @title="Test Post ... 5" @description=<not loaded> @type=Post @created_at=#<DateTime: 1473257347/600,3/8,2299161> @updated_at=#<DateTime: 1473257347/600,3/8,2299161> @frozen_tag_list=<not loaded>>, #<Post @id=6 @slug="slug-6" @title="Test Post ... 6" @description=<not loaded> @type=Post @created_at=#<DateTime: 1473257347/600,3/8,2299161> @updated_at=#<DateTime: 1473257347/600,3/8,2299161> @frozen_tag_list=<not loaded>>, #<Post @id=7 @slug="slug-7" @title="Test Post ... 7" @description=<not loaded> @type=Post @created_at=#<DateTime: 1473257347/600,3/8,2299161> @updated_at=#<DateTime: 1473257347/600,3/8,2299161> @frozen_tag_list=<not loaded>>, #<Post @id=8 @slug="slug-8" @title="Test Post ... 8" @description=<not loaded> @type=Post @created_at=#<DateTime: 1473257347/600,3/8,2299161> @updated_at=#<DateTime: 1473257347/600,3/8,2299161> @frozen_tag_list=<not loaded>>, #<Post @id=9 @slug="slug-9" @title="Test Post ... 9" @description=<not loaded> @type=Post @created_at=#<DateTime: 1473257347/600,3/8,2299161> @updated_at=#<DateTime: 1473257347/600,3/8,2299161> @frozen_tag_list=<not loaded>>, #<Post @id=10 @slug="slug-10" @title="Test Post ... 10" @description=<not loaded> @type=Post @created_at=#<DateTime: 1473257347/600,3/8,2299161> @updated_at=#<DateTime: 1473257347/600,3/8,2299161> @frozen_tag_list=<not loaded>>, #<Post @id=11 @slug="slug-11" @title="Test Post ... 11" @description=<not loaded> @type=Post @created_at=#<DateTime: 1473257347/600,3/8,2299161> @updated_at=#<DateTime: 1473257347/600,3/8,2299161> @frozen_tag_list=<not loaded>>, #<Post @id=21 @slug="" @title="fffff" @description=<not loaded> @type=Post @created_at=#<DateTime: 2828655217/1152,3/8,2299161> @updated_at=#<DateTime: 2828655217/1152,3/8,2299161> @frozen_tag_list=<not loaded>>]
D, [2010-08-23 11:08:11#16298] DEBUG -- : id: 21
D, [2010-08-23 11:08:11#16298] DEBUG -- : @post: #<Post @id=21 @slug="" @title="fffff" @description=<not loaded> @type=Post @created_at=#<DateTime: 2828655217/1152,3/8,2299161> @updated_at=#<DateTime: 2828655217/1152,3/8,2299161> @frozen_tag_list=<not loaded>>
D, [2010-08-23 11:09:28#16321] DEBUG -- : id: 21
D, [2010-08-23 11:09:28#16321] DEBUG -- : @post: #<Post @id=21 @slug="" @title="fffff" @description=<not loaded> @type=Post @created_at=#<DateTime: 2828655217/1152,3/8,2299161> @updated_at=#<DateTime: 212149289291/86400,3/8,2299161> @frozen_tag_list=<not loaded>>
I, [2010-08-23 23:26:00#29389]  INFO -- : id_or_slug: 4593
I, [2010-08-23 23:26:00#29389]  INFO -- : @entry: #<Post:0x1039546c0>
I, [2010-08-23 23:26:06#29396]  INFO -- : id_or_slug: 500
I, [2010-08-23 23:26:06#29396]  INFO -- : @entry: #<Post:0x103954260>
I, [2010-08-23 23:27:34#29417]  INFO -- : id_or_slug: 4593
I, [2010-08-23 23:27:34#29417]  INFO -- : @entry: #<Post:0x103854ba8>
I, [2010-08-23 23:27:41#29418]  INFO -- : id_or_slug: 500
I, [2010-08-23 23:27:41#29418]  INFO -- : @entry: #<Post:0x1037543c0>
I, [2010-08-23 23:28:39#29485]  INFO -- : id_or_slug: 4593
I, [2010-08-23 23:28:39#29485]  INFO -- : @entry: #<Post:0x10375a400>
I, [2010-08-23 23:28:45#29486]  INFO -- : id_or_slug: 500
I, [2010-08-23 23:28:45#29486]  INFO -- : @entry: #<Post:0x10395e8c8>
I, [2010-08-24 10:58:26#39997]  INFO -- : id_or_slug: 4593
I, [2010-08-24 10:58:26#39997]  INFO -- : @entry: #<Post:0x10395e7d8>
I, [2010-08-24 10:58:32#39998]  INFO -- : id_or_slug: 500
I, [2010-08-24 10:58:32#39998]  INFO -- : @entry: #<Post:0x10395e030>
I, [2010-08-24 10:58:58#40007]  INFO -- : id_or_slug: 4593
I, [2010-08-24 10:58:58#40007]  INFO -- : @entry.title: sinatraでもhamlデフォルトを断固拒否する
I, [2010-08-24 10:59:05#40008]  INFO -- : id_or_slug: 500
I, [2010-08-24 10:59:05#40008]  INFO -- : @entry.title: 尾籠な話で恐縮だが……
I, [2010-08-24 11:01:19#40043]  INFO -- : id_or_slug: 4593
I, [2010-08-24 11:01:19#40043]  INFO -- : @entry.title: sinatraでもhamlデフォルトを断固拒否する
I, [2010-08-24 11:01:26#40050]  INFO -- : id_or_slug: 500
I, [2010-08-24 11:01:26#40050]  INFO -- : @entry.title: 尾籠な話で恐縮だが……
I, [2010-08-24 11:01:36#40051]  INFO -- : id_or_slug: 4593
I, [2010-08-24 11:01:36#40051]  INFO -- : @entry.title: sinatraでもhamlデフォルトを断固拒否する
I, [2010-08-24 11:01:43#40052]  INFO -- : id_or_slug: 500
I, [2010-08-24 11:01:43#40052]  INFO -- : @entry.title: 尾籠な話で恐縮だが……
I, [2010-08-24 11:01:47#40059]  INFO -- : id_or_slug: 4593
I, [2010-08-24 11:01:47#40059]  INFO -- : @entry.title: sinatraでもhamlデフォルトを断固拒否する
I, [2010-08-24 11:02:03#40062]  INFO -- : id_or_slug: 4593
I, [2010-08-24 11:02:03#40062]  INFO -- : @entry.title: sinatraでもhamlデフォルトを断固拒否する
I, [2010-08-24 11:02:50#40077]  INFO -- : id_or_slug: 4593
I, [2010-08-24 11:02:50#40077]  INFO -- : @entry.title: sinatraでもhamlデフォルトを断固拒否する
I, [2010-08-24 11:02:57#40078]  INFO -- : id_or_slug: 500
I, [2010-08-24 11:02:57#40078]  INFO -- : @entry.title: 尾籠な話で恐縮だが……
I, [2010-08-24 11:03:15#40088]  INFO -- : id_or_slug: 4593
I, [2010-08-24 11:03:15#40088]  INFO -- : @entry.title: sinatraでもhamlデフォルトを断固拒否する
I, [2010-08-24 11:03:21#40089]  INFO -- : id_or_slug: 500
I, [2010-08-24 11:03:21#40089]  INFO -- : @entry.title: 尾籠な話で恐縮だが……
I, [2010-08-24 11:03:48#40096]  INFO -- : id_or_slug: 4593
I, [2010-08-24 11:03:48#40096]  INFO -- : @entry.title: sinatraでもhamlデフォルトを断固拒否する
I, [2010-08-24 11:04:24#40111]  INFO -- : id_or_slug: 4593
I, [2010-08-24 11:04:24#40111]  INFO -- : @entry.title: sinatraでもhamlデフォルトを断固拒否する
I, [2010-08-24 11:27:49#40535]  INFO -- : id_or_slug: 500
I, [2010-08-24 11:27:49#40535]  INFO -- : @entry.title: 尾籠な話で恐縮だが……
I, [2010-08-24 11:29:16#40563]  INFO -- : id_or_slug: 500
I, [2010-08-24 11:29:16#40563]  INFO -- : @entry.title: 尾籠な話で恐縮だが……
I, [2010-08-24 11:30:15#40582]  INFO -- : id_or_slug: 500
I, [2010-08-24 11:30:15#40582]  INFO -- : @entry.title: 尾籠な話で恐縮だが……
I, [2010-08-24 11:45:58#40859]  INFO -- : id_or_slug: 500
I, [2010-08-24 11:45:58#40859]  INFO -- : @entry.title: 尾籠な話で恐縮だが……
I, [2010-08-24 11:54:31#41011]  INFO -- : id_or_slug: admin
I, [2010-08-24 11:54:39#41012]  INFO -- : id_or_slug: 500
I, [2010-08-24 11:54:39#41012]  INFO -- : @entry.title: 尾籠な話で恐縮だが……
I, [2010-08-24 12:06:12#41214]  INFO -- : id_or_slug: 4138
I, [2010-08-24 12:06:12#41214]  INFO -- : @entry.title: プロフィールまとめ
I, [2010-08-24 12:07:32#41237]  INFO -- : id_or_slug: 4138
I, [2010-08-24 12:07:32#41237]  INFO -- : @entry.title: プロフィールまとめ
I, [2010-08-24 12:08:00#41252]  INFO -- : id_or_slug: 4138
I, [2010-08-24 12:08:00#41252]  INFO -- : @entry.title: プロフィールまとめ
I, [2010-08-24 12:12:50#41336]  INFO -- : id_or_slug: 500
I, [2010-08-24 12:12:50#41336]  INFO -- : @entry.title: 尾籠な話で恐縮だが……
I, [2010-08-24 18:47:14#48301]  INFO -- : id_or_slug: admin
I, [2010-08-24 18:47:24#48302]  INFO -- : id_or_slug: 500
I, [2010-08-24 18:47:24#48302]  INFO -- : @entry.title: 尾籠な話で恐縮だが……
I, [2010-08-24 19:21:40#48987]  INFO -- : id_or_slug: admin
I, [2010-08-24 19:21:50#48994]  INFO -- : id_or_slug: 500
I, [2010-08-24 19:21:50#48994]  INFO -- : @entry.title: 尾籠な話で恐縮だが……
I, [2010-08-24 19:24:22#49035]  INFO -- : id_or_slug: 500
I, [2010-08-24 19:24:22#49035]  INFO -- : @entry.title: 尾籠な話で恐縮だが……
I, [2010-08-24 19:24:54#49045]  INFO -- : id_or_slug: 500
I, [2010-08-24 19:24:54#49045]  INFO -- : @entry.title: 尾籠な話で恐縮だが……
I, [2010-08-24 19:25:55#49061]  INFO -- : id_or_slug: 500
I, [2010-08-24 19:25:55#49061]  INFO -- : @entry.title: 尾籠な話で恐縮だが……
I, [2010-08-24 19:27:23#49089]  INFO -- : id_or_slug: 500
I, [2010-08-24 19:27:23#49089]  INFO -- : @entry.title: 尾籠な話で恐縮だが……
I, [2010-08-24 19:27:55#49100]  INFO -- : id_or_slug: 500
I, [2010-08-24 19:27:55#49100]  INFO -- : @entry.title: 尾籠な話で恐縮だが……
I, [2010-08-24 19:43:37#49441]  INFO -- : id_or_slug: Users
I, [2010-08-24 19:45:48#49477]  INFO -- : id_or_slug: 500
I, [2010-08-24 19:45:48#49477]  INFO -- : @entry.title: 尾籠な話で恐縮だが……
I, [2010-08-24 19:53:10#49608]  INFO -- : id_or_slug: 500
I, [2010-08-24 19:53:10#49608]  INFO -- : @entry.title: 尾籠な話で恐縮だが……
I, [2010-08-25 01:19:47#54816]  INFO -- : id_or_slug: 4592
I, [2010-08-25 01:19:47#54816]  INFO -- : @entry.title: 誰に向けたツールなのか
I, [2010-08-25 01:23:24#54875]  INFO -- : id_or_slug: 4592
I, [2010-08-25 01:23:24#54875]  INFO -- : @entry.title: 誰に向けたツールなのか
I, [2010-08-25 01:23:31#54876]  INFO -- : id_or_slug: 500
I, [2010-08-25 01:23:31#54876]  INFO -- : @entry.title: 尾籠な話で恐縮だが……
I, [2010-08-25 02:21:47#56784]  INFO -- : id_or_slug: 500
I, [2010-08-25 02:21:47#56784]  INFO -- : @entry.title: 尾籠な話で恐縮だが……
I, [2010-08-25 02:22:09#56794]  INFO -- : id_or_slug: 500
I, [2010-08-25 02:22:09#56794]  INFO -- : @entry.title: 尾籠な話で恐縮だが……
I, [2010-08-25 02:25:29#56874]  INFO -- : id_or_slug: 500
I, [2010-08-25 02:25:29#56874]  INFO -- : @entry.title: 尾籠な話で恐縮だが……
I, [2010-08-25 02:28:42#56978]  INFO -- : id_or_slug: 4138
I, [2010-08-25 02:28:42#56978]  INFO -- : @entry.title: プロフィールまとめ
I, [2010-08-25 02:29:01#56985]  INFO -- : id_or_slug: 4138
I, [2010-08-25 02:29:01#56985]  INFO -- : @entry.title: プロフィールまとめ
I, [2010-08-25 02:32:06#57045]  INFO -- : id_or_slug: 4594
I, [2010-08-25 02:32:06#57045]  INFO -- : @entry.title: MacでAA
